----------------------------------------------------------------------------------------------------
------------------------------------ MegaLinter, by OX Security ------------------------------------
----------------------------------------------------------------------------------------------------
 - Image Creation Date: 2025-03-23T19:25:31Z
 - Image Revision: 146333030da68e2e58c6ff826633824fabe01eaf
 - Image Version: v8.5.0
----------------------------------------------------------------------------------------------------
The MegaLinter documentation can be found at:
 - https://megalinter.io/8.5.0
----------------------------------------------------------------------------------------------------
::group::MegaLinter initialization (expand for details)
MegaLinter will analyze workspace [/github/workspace]
GITHUB_REPOSITORY: Klintrup/check_gmirror
GITHUB_REF: refs/pull/23/merge
GITHUB_RUN_ID: 14295844775


[Activation] ANSIBLE_ANSIBLE_LINT has been set inactive, as none of these files has been found: ['.ansible-lint']
[Activation] EDITORCONFIG_EDITORCONFIG_CHECKER has been set inactive, as none of these files has been found: ['.editorconfig']
[Activation] JAVASCRIPT_ES has been set inactive, as none of these files has been found: ['.eslintrc.json', '.eslintrc.yml', '.eslintrc.yaml', '.eslintrc.js', '.eslintrc.cjs', 'package.json:eslintConfig']
[Activation] JSON_NPM_PACKAGE_JSON_LINT has been set inactive, as none of these files has been found: ['package.json']
[Activation] JSX_ESLINT has been set inactive, as none of these files has been found: ['eslint.config.js', 'eslint.config.mjs', 'eslint.config.cjs', '.eslintrc.json', '.eslintrc.yml', '.eslintrc.yaml', '.eslintrc.js', '.eslintrc.cjs', 'package.json:eslintConfig']
[Activation] KUBERNETES_KUBECONFORM has been set inactive, as subdirectory has not been found: kubernetes (set value "any" to always activate)
[Activation] KUBERNETES_HELM has been set inactive, as none of these files has been found: ['Chart.yml', 'Chart.yaml']
[Activation] KUBERNETES_KUBESCAPE has been set inactive, as none of these files has been found: ['Chart.yml', 'Chart.yaml']
[Activation] REPOSITORY_LS_LINT has been set inactive, as none of these files has been found: ['.ls-lint.yml']
[SemgrepLinter] Deactivated because no ruleset has been defined
[Activation] SALESFORCE_SFDX_SCANNER_APEX has been set inactive, as subdirectory has not been found: force-app (set value "any" to always activate)
[Activation] SALESFORCE_SFDX_SCANNER_AURA has been set inactive, as subdirectory has not been found: force-app (set value "any" to always activate)
[Activation] SALESFORCE_SFDX_SCANNER_LWC has been set inactive, as subdirectory has not been found: force-app (set value "any" to always activate)
[Activation] SALESFORCE_LIGHTNING_FLOW_SCANNER has been set inactive, as subdirectory has not been found: force-app (set value "any" to always activate)
[Activation] SPELL_PROSELINT has been set inactive, as none of these files has been found: ['.proselintrc', 'proselint/config.json']
[Activation] SPELL_VALE has been set inactive, as none of these files has been found: ['.vale.ini']
[Activation] SQL_SQLFLUFF has been set inactive, as none of these files has been found: ['.sqlfluff']
[Activation] SWIFT_SWIFTLINT has been set inactive, as none of these files has been found: ['.swiftlint.yml']
[Activation] TSX_ESLINT has been set inactive, as none of these files has been found: ['.eslintrc.json', '.eslintrc.yml', '.eslintrc.yaml', '.eslintrc.js', '.eslintrc.cjs', 'package.json:eslintConfig']
[Activation] TYPESCRIPT_ES has been set inactive, as none of these files has been found: ['.eslintrc.json', '.eslintrc.yml', '.eslintrc.yaml', '.eslintrc.js', '.eslintrc.cjs', 'package.json:eslintConfig']
JSON_ESLINT_PLUGIN_JSONC has been disabled in MegaLinter for the following reason: Bug in eslint-plugin-jsonc: https://github.com/ota-meshi/eslint-plugin-jsonc/issues/328
MAKEFILE_CHECKMAKE has been disabled in MegaLinter for the following reason: Security issues: https://github.com/mrtazz/checkmake/issues/99
MARKDOWN_REMARK_LINT has been disabled in MegaLinter for the following reason: Bug in remark-lint: https://github.com/remarkjs/remark-lint/issues/322
SNAKEMAKE_LINT has been disabled in MegaLinter for the following reason: Dependency datrie not maintained, and issue open in snakemake repo since july - https://github.com/snakemake/snakemake/issues/2970
Skipped linters: ANSIBLE_ANSIBLE_LINT, EDITORCONFIG_EDITORCONFIG_CHECKER, JAVASCRIPT_ES, JAVASCRIPT_PRETTIER, JSON_ESLINT_PLUGIN_JSONC, JSON_NPM_PACKAGE_JSON_LINT, JSX_ESLINT, KUBERNETES_HELM, KUBERNETES_KUBECONFORM, KUBERNETES_KUBESCAPE, MAKEFILE_CHECKMAKE, MARKDOWN_REMARK_LINT, PYTHON_RUFF_FORMAT, REPOSITORY_LS_LINT, REPOSITORY_SECRETLINT, REPOSITORY_SEMGREP, SALESFORCE_LIGHTNING_FLOW_SCANNER, SALESFORCE_SFDX_SCANNER_APEX, SALESFORCE_SFDX_SCANNER_AURA, SALESFORCE_SFDX_SCANNER_LWC, SNAKEMAKE_LINT, SPELL_CSPELL, SPELL_LYCHEE, SPELL_PROSELINT, SPELL_VALE, SQL_SQLFLUFF, SWIFT_SWIFTLINT, TSX_ESLINT, TYPESCRIPT_ES, TYPESCRIPT_PRETTIER
[ApiReporter] Not enabled as API_REPORTER is not defined to true
To receive reports as email, please set variable EMAIL_REPORTER_EMAIL
::endgroup::
::group::MegaLinter now collects the files to analyse (expand for details)
Listing all files in directory [/github/workspace], then filter with:
- File extensions: , .R, .RMD, .Rmd, .bash, .bicep, .c, .c++, .cc, .cdxml, .clj, .cljc, .cljs, .coffee, .cpp, .cs, .csproj, .css, .cu, .cuh, .cxx, .dart, .dash, .edn, .env, .feature, .go, .gradle, .graphql, .groovy, .gvy, .h, .h++, .hcl, .hh, .hpp, .htm, .html, .hxx, .java, .js, .json, .ksh, .kt, .kts, .lua, .md, .nf, .p6, .php, .pl, .pl6, .pm, .pm6, .pp, .proto, .ps1, .ps1xml, .psd1, .psm1, .psrc, .pssc, .py, .r, .raku, .rakumod, .rakutest, .rb, .rs, .rst, .saas, .scala, .scss, .sh, .smk, .sql, .t, .tex, .tf, .ts, .vb, .xml, .xsd, .yaml, .yml
- File names (regex): Containerfile, Dockerfile, Jenkinsfile, Snakefile
- Excluding .gitignored files [0]: 
Kept [4] files on [5] found files

+----MATCHING LINTERS-------------------+-----------------------+----------------+------------+
| Descriptor | Linter                   | Criteria              | Matching files | Format/Fix |
+------------+--------------------------+-----------------------+----------------+------------+
| BASH       | bash-exec                | |.sh|.bash|.dash|.ksh | 1              | yes        |
| BASH       | shellcheck               | |.sh|.bash|.dash|.ksh | 1              | yes        |
| BASH       | shfmt                    | |.sh|.bash|.dash|.ksh | 1              | yes        |
| COPYPASTE  | jscpd                    |                       | project        | yes        |
| MARKDOWN   | markdownlint             | .md                   | 2              | yes        |
| MARKDOWN   | markdown-link-check      | .md                   | 2              | yes        |
| MARKDOWN   | markdown-table-formatter | .md                   | 2              | yes        |
| REPOSITORY | checkov                  |                       | project        | yes        |
| REPOSITORY | git_diff                 |                       | project        | yes        |
| REPOSITORY | gitleaks                 |                       | project        | yes        |
| REPOSITORY | grype                    |                       | project        | yes        |
| REPOSITORY | syft                     |                       | project        | yes        |
| REPOSITORY | trivy                    |                       | project        | yes        |
| REPOSITORY | trivy-sbom               |                       | project        | yes        |
| REPOSITORY | trufflehog               |                       | project        | yes        |
+------------+--------------------------+-----------------------+----------------+------------+
::endgroup::
Processing linters on [4] parallel cores… (can be decreased with variable PARALLEL_PROCESS_NUMBER in case of performance issues)
::group::[32m✅ Linted [BASH] files with [bash-exec] successfully - (0.0s)[0m (expand for details)
- Using [bash-exec v5.2.37] https://megalinter.io/8.5.0/descriptors/bash_bash_exec
- MegaLinter key: [BASH_EXEC]
- Rules config: identified by [bash-exec]
- Number of files analyzed: [1]
- Command: [bash-exec check_gmirror.sh]
::endgroup::
::group::[32m✅ Linted [BASH] files with [shellcheck] successfully - (0.06s)[0m (expand for details)
- Using [shellcheck v0.10.0] https://megalinter.io/8.5.0/descriptors/bash_shellcheck
- MegaLinter key: [BASH_SHELLCHECK]
- Rules config: identified by [shellcheck]
- Number of files analyzed: [1]
- Command: [shellcheck --color=auto --external-sources check_gmirror.sh]
::endgroup::
::group::[32m✅ Linted [BASH] files with [shfmt] successfully - (0.02s)[0m (expand for details)
- Using [shfmt v3.11.0] https://megalinter.io/8.5.0/descriptors/bash_shfmt
- MegaLinter key: [BASH_SHFMT]
- Rules config: identified by [shfmt]
- Number of files analyzed: [1]
- Command: [shfmt -w check_gmirror.sh]
::endgroup::
::group::[32m✅ Linted [MARKDOWN] files with [markdownlint] successfully - (0.55s)[0m (expand for details)
- Using [markdownlint v0.44.0] https://megalinter.io/8.5.0/descriptors/markdown_markdownlint
- MegaLinter key: [MARKDOWN_MARKDOWNLINT]
- Rules config: [.markdownlint.json]
- Number of files analyzed: [2]
- Command: [markdownlint --fix -c /action/lib/.automation/.markdownlint.json README.md SECURITY.md]
::endgroup::
::group::[32m✅ Linted [COPYPASTE] files with [jscpd] successfully - (0.96s)[0m (expand for details)
- Using [jscpd v4.0.5] https://megalinter.io/8.5.0/descriptors/copypaste_jscpd
- MegaLinter key: [COPYPASTE_JSCPD]
- Rules config: [.jscpd.json]
- Command: [jscpd --gitignore --reporters console,html --output /github/workspace/megalinter-reports/copy-paste/ -c /action/lib/.automation/.jscpd.json .]
::endgroup::
::group::[32m✅ Linted [MARKDOWN] files with [markdown-link-check] successfully - (2.77s)[0m (expand for details)
- Using [markdown-link-check v3.12.2] https://megalinter.io/8.5.0/descriptors/markdown_markdown_link_check
- MegaLinter key: [MARKDOWN_MARKDOWN_LINK_CHECK]
- Rules config: [.markdown-link-check.json]
- Number of files analyzed: [2]
- Command: [markdown-link-check --quiet -c /action/lib/.automation/.markdown-link-check.json README.md SECURITY.md]
::endgroup::
::group::[32m✅ Linted [MARKDOWN] files with [markdown-table-formatter] successfully - (0.19s)[0m (expand for details)
- Using [markdown-table-formatter v1.6.1] https://megalinter.io/8.5.0/descriptors/markdown_markdown_table_formatter
- MegaLinter key: [MARKDOWN_MARKDOWN_TABLE_FORMATTER]
- Rules config: identified by [markdown-table-formatter]
- Number of files analyzed: [2]
- Command: [markdown-table-formatter README.md SECURITY.md]
::endgroup::
::group::[32m✅ Linted [REPOSITORY] files with [checkov] successfully - (10.54s)[0m (expand for details)
- Using [checkov v3.2.390] https://megalinter.io/8.5.0/descriptors/repository_checkov
- MegaLinter key: [REPOSITORY_CHECKOV]
- Rules config: [.checkov.yml]
- Command: [checkov --directory . --config-file /action/lib/.automation/.checkov.yml]
::endgroup::
::group::[32m✅ Linted [REPOSITORY] files with [git_diff] successfully - (0.0s)[0m (expand for details)
- Using [git_diff v2.47.2] https://megalinter.io/8.5.0/descriptors/repository_git_diff
- MegaLinter key: [REPOSITORY_GIT_DIFF]
- Rules config: identified by [git_diff]
- Command: [git diff --check]
::endgroup::
::group::[32m✅ Linted [REPOSITORY] files with [gitleaks] successfully - (0.04s)[0m (expand for details)
- Using [gitleaks v8.24.2] https://megalinter.io/8.5.0/descriptors/repository_gitleaks
- MegaLinter key: [REPOSITORY_GITLEAKS]
- Rules config: [.gitleaks.toml]
- Command: [gitleaks detect --redact -c /action/lib/.automation/.gitleaks.toml --verbose --source .]
::endgroup::
::group::[32m✅ Linted [REPOSITORY] files with [grype] successfully - (20.49s)[0m (expand for details)
- Using [grype v0.90.0] https://megalinter.io/8.5.0/descriptors/repository_grype
- MegaLinter key: [REPOSITORY_GRYPE]
- Rules config: [.grype.yaml]
- Command: [grype --config /action/lib/.automation/.grype.yaml dir:.]
::endgroup::
::group::[32m✅ Linted [REPOSITORY] files with [syft] successfully - (0.96s)[0m (expand for details)
- Using [syft v1.21.0] https://megalinter.io/8.5.0/descriptors/repository_syft
- MegaLinter key: [REPOSITORY_SYFT]
- Rules config: identified by [syft]
- Command: [syft scan .]
::endgroup::
::group::[32m✅ Linted [REPOSITORY] files with [trivy] successfully - (5.81s)[0m (expand for details)
- Using [trivy v0.60.0] https://megalinter.io/8.5.0/descriptors/repository_trivy
- MegaLinter key: [REPOSITORY_TRIVY]
- Rules config: identified by [trivy]
- Command: [trivy fs --scanners vuln,misconfig --exit-code 1 .]
::endgroup::
::group::[32m✅ Linted [REPOSITORY] files with [trivy-sbom] successfully - (0.06s)[0m (expand for details)
- Using [trivy-sbom v0.60.0] https://megalinter.io/8.5.0/descriptors/repository_trivy_sbom
- MegaLinter key: [REPOSITORY_TRIVY_SBOM]
- Rules config: identified by [trivy-sbom]
- Command: [trivy fs --format cyclonedx .]
::endgroup::
::group::[32m✅ Linted [REPOSITORY] files with [trufflehog] successfully - (2.89s)[0m (expand for details)
- Using [trufflehog v3.88.18] https://megalinter.io/8.5.0/descriptors/repository_trufflehog
- MegaLinter key: [REPOSITORY_TRUFFLEHOG]
- Rules config: identified by [trufflehog]
- Command: [trufflehog filesystem . --fail --only-verified --no-update]
::endgroup::
[GitHub Comment Reporter] Posted summary as comment on Klintrup/check_gmirror #PR23
[Updated Sources Reporter] copied 3 fixed source files in folder /github/workspace/megalinter-reports/updated_sources.

+----SUMMARY----+--------------------------+---------------+-------+-------+--------+----------+--------------+
| Descriptor    | Linter                   | Mode          | Files | Fixed | Errors | Warnings | Elapsed time |
+---------------+--------------------------+---------------+-------+-------+--------+----------+--------------+
| ✅ BASH       | bash-exec                | file          |     1 |       |      0 |        0 | 0.0s         |
| ✅ BASH       | shellcheck               | list_of_files |     1 |       |      0 |        0 | 0.06s        |
| ✅ BASH       | shfmt                    | list_of_files |     1 |     1 |      0 |        0 | 0.02s        |
| ✅ COPYPASTE  | jscpd                    | project       |   n/a |       |      0 |        0 | 0.96s        |
| ✅ MARKDOWN   | markdownlint             | list_of_files |     2 |     0 |      0 |        0 | 0.55s        |
| ✅ MARKDOWN   | markdown-link-check      | list_of_files |     2 |       |      0 |        0 | 2.77s        |
| ✅ MARKDOWN   | markdown-table-formatter | list_of_files |     2 |     2 |      0 |        0 | 0.19s        |
| ✅ REPOSITORY | checkov                  | project       |   n/a |       |      0 |        0 | 10.54s       |
| ✅ REPOSITORY | gitleaks                 | project       |   n/a |       |      0 |        0 | 0.04s        |
| ✅ REPOSITORY | git_diff                 | project       |   n/a |       |      0 |        0 | 0.0s         |
| ✅ REPOSITORY | grype                    | project       |   n/a |       |      0 |        0 | 20.49s       |
| ✅ REPOSITORY | syft                     | project       |   n/a |       |      0 |        0 | 0.96s        |
| ✅ REPOSITORY | trivy                    | project       |   n/a |       |      0 |        0 | 5.81s        |
| ✅ REPOSITORY | trivy-sbom               | project       |   n/a |       |      0 |        0 | 0.06s        |
| ✅ REPOSITORY | trufflehog               | project       |   n/a |       |      0 |        0 | 2.89s        |
+---------------+--------------------------+---------------+-------+-------+--------+----------+--------------+

[32m✅ Successfully linted all files without errors[0m
